warning ../../../../../package.json: No license field
[33mThe CJS build of Vite's Node API is deprecated. See https://vitejs.dev/guide/troubleshooting.html#vite-cjs-node-api-deprecated for more details.[39m
warning ../../../../../package.json: No license field
[33mThe CJS build of Vite's Node API is deprecated. See https://vitejs.dev/guide/troubleshooting.html#vite-cjs-node-api-deprecated for more details.[39m
/private/var/folders/dk/k7r8r49n5lb6lggdq4wnpn2r0000gn/T/yarn--1722089703925-0.3269200087805928/yarn:3
exec "/Users/prasanth/.nvm/versions/node/v18.19.1/bin/node" "/opt/homebrew/bin/yarn" "$@"
     ^^^^^^^^^^^^^^^^^^^^^^^^^^^^^^^^^^^^^^^^^^^^^^^^^^^^^^

SyntaxError: Unexpected string
    at internalCompileFunction (node:internal/vm:73:18)
    at wrapSafe (node:internal/modules/cjs/loader:1274:20)
    at Module._compile (node:internal/modules/cjs/loader:1320:27)
    at Module._extensions..js (node:internal/modules/cjs/loader:1414:10)
    at Module.load (node:internal/modules/cjs/loader:1197:32)
    at Module._load (node:internal/modules/cjs/loader:1013:12)
    at Object.<anonymous> (/opt/homebrew/lib/node_modules/pm2/lib/ProcessContainerFork.js:33:23)
    at Module._compile (node:internal/modules/cjs/loader:1356:14)
    at Module._extensions..js (node:internal/modules/cjs/loader:1414:10)
    at Module.load (node:internal/modules/cjs/loader:1197:32)
/private/var/folders/dk/k7r8r49n5lb6lggdq4wnpn2r0000gn/T/yarn--1722089703925-0.3269200087805928/yarn:3
exec "/Users/prasanth/.nvm/versions/node/v18.19.1/bin/node" "/opt/homebrew/bin/yarn" "$@"
     ^^^^^^^^^^^^^^^^^^^^^^^^^^^^^^^^^^^^^^^^^^^^^^^^^^^^^^

SyntaxError: Unexpected string
    at internalCompileFunction (node:internal/vm:73:18)
    at wrapSafe (node:internal/modules/cjs/loader:1274:20)
    at Module._compile (node:internal/modules/cjs/loader:1320:27)
    at Module._extensions..js (node:internal/modules/cjs/loader:1414:10)
    at Module.load (node:internal/modules/cjs/loader:1197:32)
    at Module._load (node:internal/modules/cjs/loader:1013:12)
    at Object.<anonymous> (/opt/homebrew/lib/node_modules/pm2/lib/ProcessContainerFork.js:33:23)
    at Module._compile (node:internal/modules/cjs/loader:1356:14)
    at Module._extensions..js (node:internal/modules/cjs/loader:1414:10)
    at Module.load (node:internal/modules/cjs/loader:1197:32)
/private/var/folders/dk/k7r8r49n5lb6lggdq4wnpn2r0000gn/T/yarn--1722089703925-0.3269200087805928/yarn:3
exec "/Users/prasanth/.nvm/versions/node/v18.19.1/bin/node" "/opt/homebrew/bin/yarn" "$@"
     ^^^^^^^^^^^^^^^^^^^^^^^^^^^^^^^^^^^^^^^^^^^^^^^^^^^^^^

SyntaxError: Unexpected string
    at internalCompileFunction (node:internal/vm:73:18)
    at wrapSafe (node:internal/modules/cjs/loader:1274:20)
    at Module._compile (node:internal/modules/cjs/loader:1320:27)
    at Module._extensions..js (node:internal/modules/cjs/loader:1414:10)
    at Module.load (node:internal/modules/cjs/loader:1197:32)
    at Module._load (node:internal/modules/cjs/loader:1013:12)
    at Object.<anonymous> (/opt/homebrew/lib/node_modules/pm2/lib/ProcessContainerFork.js:33:23)
    at Module._compile (node:internal/modules/cjs/loader:1356:14)
    at Module._extensions..js (node:internal/modules/cjs/loader:1414:10)
    at Module.load (node:internal/modules/cjs/loader:1197:32)
/private/var/folders/dk/k7r8r49n5lb6lggdq4wnpn2r0000gn/T/yarn--1722089703925-0.3269200087805928/yarn:3
exec "/Users/prasanth/.nvm/versions/node/v18.19.1/bin/node" "/opt/homebrew/bin/yarn" "$@"
     ^^^^^^^^^^^^^^^^^^^^^^^^^^^^^^^^^^^^^^^^^^^^^^^^^^^^^^

SyntaxError: Unexpected string
    at internalCompileFunction (node:internal/vm:73:18)
    at wrapSafe (node:internal/modules/cjs/loader:1274:20)
    at Module._compile (node:internal/modules/cjs/loader:1320:27)
    at Module._extensions..js (node:internal/modules/cjs/loader:1414:10)
    at Module.load (node:internal/modules/cjs/loader:1197:32)
    at Module._load (node:internal/modules/cjs/loader:1013:12)
    at Object.<anonymous> (/opt/homebrew/lib/node_modules/pm2/lib/ProcessContainerFork.js:33:23)
    at Module._compile (node:internal/modules/cjs/loader:1356:14)
    at Module._extensions..js (node:internal/modules/cjs/loader:1414:10)
    at Module.load (node:internal/modules/cjs/loader:1197:32)
/private/var/folders/dk/k7r8r49n5lb6lggdq4wnpn2r0000gn/T/yarn--1722089703925-0.3269200087805928/yarn:3
exec "/Users/prasanth/.nvm/versions/node/v18.19.1/bin/node" "/opt/homebrew/bin/yarn" "$@"
     ^^^^^^^^^^^^^^^^^^^^^^^^^^^^^^^^^^^^^^^^^^^^^^^^^^^^^^

SyntaxError: Unexpected string
    at internalCompileFunction (node:internal/vm:73:18)
    at wrapSafe (node:internal/modules/cjs/loader:1274:20)
    at Module._compile (node:internal/modules/cjs/loader:1320:27)
    at Module._extensions..js (node:internal/modules/cjs/loader:1414:10)
    at Module.load (node:internal/modules/cjs/loader:1197:32)
    at Module._load (node:internal/modules/cjs/loader:1013:12)
    at Object.<anonymous> (/opt/homebrew/lib/node_modules/pm2/lib/ProcessContainerFork.js:33:23)
    at Module._compile (node:internal/modules/cjs/loader:1356:14)
    at Module._extensions..js (node:internal/modules/cjs/loader:1414:10)
    at Module.load (node:internal/modules/cjs/loader:1197:32)
/private/var/folders/dk/k7r8r49n5lb6lggdq4wnpn2r0000gn/T/yarn--1722089703925-0.3269200087805928/yarn:3
exec "/Users/prasanth/.nvm/versions/node/v18.19.1/bin/node" "/opt/homebrew/bin/yarn" "$@"
     ^^^^^^^^^^^^^^^^^^^^^^^^^^^^^^^^^^^^^^^^^^^^^^^^^^^^^^

SyntaxError: Unexpected string
    at internalCompileFunction (node:internal/vm:73:18)
    at wrapSafe (node:internal/modules/cjs/loader:1274:20)
    at Module._compile (node:internal/modules/cjs/loader:1320:27)
    at Module._extensions..js (node:internal/modules/cjs/loader:1414:10)
    at Module.load (node:internal/modules/cjs/loader:1197:32)
    at Module._load (node:internal/modules/cjs/loader:1013:12)
    at Object.<anonymous> (/opt/homebrew/lib/node_modules/pm2/lib/ProcessContainerFork.js:33:23)
    at Module._compile (node:internal/modules/cjs/loader:1356:14)
    at Module._extensions..js (node:internal/modules/cjs/loader:1414:10)
    at Module.load (node:internal/modules/cjs/loader:1197:32)
/private/var/folders/dk/k7r8r49n5lb6lggdq4wnpn2r0000gn/T/yarn--1722089703925-0.3269200087805928/yarn:3
exec "/Users/prasanth/.nvm/versions/node/v18.19.1/bin/node" "/opt/homebrew/bin/yarn" "$@"
     ^^^^^^^^^^^^^^^^^^^^^^^^^^^^^^^^^^^^^^^^^^^^^^^^^^^^^^

SyntaxError: Unexpected string
    at internalCompileFunction (node:internal/vm:73:18)
    at wrapSafe (node:internal/modules/cjs/loader:1274:20)
    at Module._compile (node:internal/modules/cjs/loader:1320:27)
    at Module._extensions..js (node:internal/modules/cjs/loader:1414:10)
    at Module.load (node:internal/modules/cjs/loader:1197:32)
    at Module._load (node:internal/modules/cjs/loader:1013:12)
    at Object.<anonymous> (/opt/homebrew/lib/node_modules/pm2/lib/ProcessContainerFork.js:33:23)
    at Module._compile (node:internal/modules/cjs/loader:1356:14)
    at Module._extensions..js (node:internal/modules/cjs/loader:1414:10)
    at Module.load (node:internal/modules/cjs/loader:1197:32)
/private/var/folders/dk/k7r8r49n5lb6lggdq4wnpn2r0000gn/T/yarn--1722089703925-0.3269200087805928/yarn:3
exec "/Users/prasanth/.nvm/versions/node/v18.19.1/bin/node" "/opt/homebrew/bin/yarn" "$@"
     ^^^^^^^^^^^^^^^^^^^^^^^^^^^^^^^^^^^^^^^^^^^^^^^^^^^^^^

SyntaxError: Unexpected string
    at internalCompileFunction (node:internal/vm:73:18)
    at wrapSafe (node:internal/modules/cjs/loader:1274:20)
    at Module._compile (node:internal/modules/cjs/loader:1320:27)
    at Module._extensions..js (node:internal/modules/cjs/loader:1414:10)
    at Module.load (node:internal/modules/cjs/loader:1197:32)
    at Module._load (node:internal/modules/cjs/loader:1013:12)
    at Object.<anonymous> (/opt/homebrew/lib/node_modules/pm2/lib/ProcessContainerFork.js:33:23)
    at Module._compile (node:internal/modules/cjs/loader:1356:14)
    at Module._extensions..js (node:internal/modules/cjs/loader:1414:10)
    at Module.load (node:internal/modules/cjs/loader:1197:32)
/private/var/folders/dk/k7r8r49n5lb6lggdq4wnpn2r0000gn/T/yarn--1722089703925-0.3269200087805928/yarn:3
exec "/Users/prasanth/.nvm/versions/node/v18.19.1/bin/node" "/opt/homebrew/bin/yarn" "$@"
     ^^^^^^^^^^^^^^^^^^^^^^^^^^^^^^^^^^^^^^^^^^^^^^^^^^^^^^

SyntaxError: Unexpected string
    at internalCompileFunction (node:internal/vm:73:18)
    at wrapSafe (node:internal/modules/cjs/loader:1274:20)
    at Module._compile (node:internal/modules/cjs/loader:1320:27)
    at Module._extensions..js (node:internal/modules/cjs/loader:1414:10)
    at Module.load (node:internal/modules/cjs/loader:1197:32)
    at Module._load (node:internal/modules/cjs/loader:1013:12)
    at Object.<anonymous> (/opt/homebrew/lib/node_modules/pm2/lib/ProcessContainerFork.js:33:23)
    at Module._compile (node:internal/modules/cjs/loader:1356:14)
    at Module._extensions..js (node:internal/modules/cjs/loader:1414:10)
    at Module.load (node:internal/modules/cjs/loader:1197:32)
/private/var/folders/dk/k7r8r49n5lb6lggdq4wnpn2r0000gn/T/yarn--1722089703925-0.3269200087805928/yarn:3
exec "/Users/prasanth/.nvm/versions/node/v18.19.1/bin/node" "/opt/homebrew/bin/yarn" "$@"
     ^^^^^^^^^^^^^^^^^^^^^^^^^^^^^^^^^^^^^^^^^^^^^^^^^^^^^^

SyntaxError: Unexpected string
    at internalCompileFunction (node:internal/vm:73:18)
    at wrapSafe (node:internal/modules/cjs/loader:1274:20)
    at Module._compile (node:internal/modules/cjs/loader:1320:27)
    at Module._extensions..js (node:internal/modules/cjs/loader:1414:10)
    at Module.load (node:internal/modules/cjs/loader:1197:32)
    at Module._load (node:internal/modules/cjs/loader:1013:12)
    at Object.<anonymous> (/opt/homebrew/lib/node_modules/pm2/lib/ProcessContainerFork.js:33:23)
    at Module._compile (node:internal/modules/cjs/loader:1356:14)
    at Module._extensions..js (node:internal/modules/cjs/loader:1414:10)
    at Module.load (node:internal/modules/cjs/loader:1197:32)
/private/var/folders/dk/k7r8r49n5lb6lggdq4wnpn2r0000gn/T/yarn--1722089703925-0.3269200087805928/yarn:3
exec "/Users/prasanth/.nvm/versions/node/v18.19.1/bin/node" "/opt/homebrew/bin/yarn" "$@"
     ^^^^^^^^^^^^^^^^^^^^^^^^^^^^^^^^^^^^^^^^^^^^^^^^^^^^^^

SyntaxError: Unexpected string
    at internalCompileFunction (node:internal/vm:73:18)
    at wrapSafe (node:internal/modules/cjs/loader:1274:20)
    at Module._compile (node:internal/modules/cjs/loader:1320:27)
    at Module._extensions..js (node:internal/modules/cjs/loader:1414:10)
    at Module.load (node:internal/modules/cjs/loader:1197:32)
    at Module._load (node:internal/modules/cjs/loader:1013:12)
    at Object.<anonymous> (/opt/homebrew/lib/node_modules/pm2/lib/ProcessContainerFork.js:33:23)
    at Module._compile (node:internal/modules/cjs/loader:1356:14)
    at Module._extensions..js (node:internal/modules/cjs/loader:1414:10)
    at Module.load (node:internal/modules/cjs/loader:1197:32)
/private/var/folders/dk/k7r8r49n5lb6lggdq4wnpn2r0000gn/T/yarn--1722089703925-0.3269200087805928/yarn:3
exec "/Users/prasanth/.nvm/versions/node/v18.19.1/bin/node" "/opt/homebrew/bin/yarn" "$@"
     ^^^^^^^^^^^^^^^^^^^^^^^^^^^^^^^^^^^^^^^^^^^^^^^^^^^^^^

SyntaxError: Unexpected string
    at internalCompileFunction (node:internal/vm:73:18)
    at wrapSafe (node:internal/modules/cjs/loader:1274:20)
    at Module._compile (node:internal/modules/cjs/loader:1320:27)
    at Module._extensions..js (node:internal/modules/cjs/loader:1414:10)
    at Module.load (node:internal/modules/cjs/loader:1197:32)
    at Module._load (node:internal/modules/cjs/loader:1013:12)
    at Object.<anonymous> (/opt/homebrew/lib/node_modules/pm2/lib/ProcessContainerFork.js:33:23)
    at Module._compile (node:internal/modules/cjs/loader:1356:14)
    at Module._extensions..js (node:internal/modules/cjs/loader:1414:10)
    at Module.load (node:internal/modules/cjs/loader:1197:32)
/private/var/folders/dk/k7r8r49n5lb6lggdq4wnpn2r0000gn/T/yarn--1722089703925-0.3269200087805928/yarn:3
exec "/Users/prasanth/.nvm/versions/node/v18.19.1/bin/node" "/opt/homebrew/bin/yarn" "$@"
     ^^^^^^^^^^^^^^^^^^^^^^^^^^^^^^^^^^^^^^^^^^^^^^^^^^^^^^

SyntaxError: Unexpected string
    at internalCompileFunction (node:internal/vm:73:18)
    at wrapSafe (node:internal/modules/cjs/loader:1274:20)
    at Module._compile (node:internal/modules/cjs/loader:1320:27)
    at Module._extensions..js (node:internal/modules/cjs/loader:1414:10)
    at Module.load (node:internal/modules/cjs/loader:1197:32)
    at Module._load (node:internal/modules/cjs/loader:1013:12)
    at Object.<anonymous> (/opt/homebrew/lib/node_modules/pm2/lib/ProcessContainerFork.js:33:23)
    at Module._compile (node:internal/modules/cjs/loader:1356:14)
    at Module._extensions..js (node:internal/modules/cjs/loader:1414:10)
    at Module.load (node:internal/modules/cjs/loader:1197:32)
/private/var/folders/dk/k7r8r49n5lb6lggdq4wnpn2r0000gn/T/yarn--1722089703925-0.3269200087805928/yarn:3
exec "/Users/prasanth/.nvm/versions/node/v18.19.1/bin/node" "/opt/homebrew/bin/yarn" "$@"
     ^^^^^^^^^^^^^^^^^^^^^^^^^^^^^^^^^^^^^^^^^^^^^^^^^^^^^^

SyntaxError: Unexpected string
    at internalCompileFunction (node:internal/vm:73:18)
    at wrapSafe (node:internal/modules/cjs/loader:1274:20)
    at Module._compile (node:internal/modules/cjs/loader:1320:27)
    at Module._extensions..js (node:internal/modules/cjs/loader:1414:10)
    at Module.load (node:internal/modules/cjs/loader:1197:32)
    at Module._load (node:internal/modules/cjs/loader:1013:12)
    at Object.<anonymous> (/opt/homebrew/lib/node_modules/pm2/lib/ProcessContainerFork.js:33:23)
    at Module._compile (node:internal/modules/cjs/loader:1356:14)
    at Module._extensions..js (node:internal/modules/cjs/loader:1414:10)
    at Module.load (node:internal/modules/cjs/loader:1197:32)
/private/var/folders/dk/k7r8r49n5lb6lggdq4wnpn2r0000gn/T/yarn--1722089703925-0.3269200087805928/yarn:3
exec "/Users/prasanth/.nvm/versions/node/v18.19.1/bin/node" "/opt/homebrew/bin/yarn" "$@"
     ^^^^^^^^^^^^^^^^^^^^^^^^^^^^^^^^^^^^^^^^^^^^^^^^^^^^^^

SyntaxError: Unexpected string
    at internalCompileFunction (node:internal/vm:73:18)
    at wrapSafe (node:internal/modules/cjs/loader:1274:20)
    at Module._compile (node:internal/modules/cjs/loader:1320:27)
    at Module._extensions..js (node:internal/modules/cjs/loader:1414:10)
    at Module.load (node:internal/modules/cjs/loader:1197:32)
    at Module._load (node:internal/modules/cjs/loader:1013:12)
    at Object.<anonymous> (/opt/homebrew/lib/node_modules/pm2/lib/ProcessContainerFork.js:33:23)
    at Module._compile (node:internal/modules/cjs/loader:1356:14)
    at Module._extensions..js (node:internal/modules/cjs/loader:1414:10)
    at Module.load (node:internal/modules/cjs/loader:1197:32)
/private/var/folders/dk/k7r8r49n5lb6lggdq4wnpn2r0000gn/T/yarn--1722089703925-0.3269200087805928/yarn:3
exec "/Users/prasanth/.nvm/versions/node/v18.19.1/bin/node" "/opt/homebrew/bin/yarn" "$@"
     ^^^^^^^^^^^^^^^^^^^^^^^^^^^^^^^^^^^^^^^^^^^^^^^^^^^^^^

SyntaxError: Unexpected string
    at internalCompileFunction (node:internal/vm:73:18)
    at wrapSafe (node:internal/modules/cjs/loader:1274:20)
    at Module._compile (node:internal/modules/cjs/loader:1320:27)
    at Module._extensions..js (node:internal/modules/cjs/loader:1414:10)
    at Module.load (node:internal/modules/cjs/loader:1197:32)
    at Module._load (node:internal/modules/cjs/loader:1013:12)
    at Object.<anonymous> (/opt/homebrew/lib/node_modules/pm2/lib/ProcessContainerFork.js:33:23)
    at Module._compile (node:internal/modules/cjs/loader:1356:14)
    at Module._extensions..js (node:internal/modules/cjs/loader:1414:10)
    at Module.load (node:internal/modules/cjs/loader:1197:32)
/private/var/folders/dk/k7r8r49n5lb6lggdq4wnpn2r0000gn/T/yarn--1722089703925-0.3269200087805928/yarn:3
exec "/Users/prasanth/.nvm/versions/node/v18.19.1/bin/node" "/opt/homebrew/bin/yarn" "$@"
     ^^^^^^^^^^^^^^^^^^^^^^^^^^^^^^^^^^^^^^^^^^^^^^^^^^^^^^

SyntaxError: Unexpected string
    at internalCompileFunction (node:internal/vm:73:18)
    at wrapSafe (node:internal/modules/cjs/loader:1274:20)
    at Module._compile (node:internal/modules/cjs/loader:1320:27)
    at Module._extensions..js (node:internal/modules/cjs/loader:1414:10)
    at Module.load (node:internal/modules/cjs/loader:1197:32)
    at Module._load (node:internal/modules/cjs/loader:1013:12)
    at Object.<anonymous> (/opt/homebrew/lib/node_modules/pm2/lib/ProcessContainerFork.js:33:23)
    at Module._compile (node:internal/modules/cjs/loader:1356:14)
    at Module._extensions..js (node:internal/modules/cjs/loader:1414:10)
    at Module.load (node:internal/modules/cjs/loader:1197:32)
/private/var/folders/dk/k7r8r49n5lb6lggdq4wnpn2r0000gn/T/yarn--1722089703925-0.3269200087805928/yarn:3
exec "/Users/prasanth/.nvm/versions/node/v18.19.1/bin/node" "/opt/homebrew/bin/yarn" "$@"
     ^^^^^^^^^^^^^^^^^^^^^^^^^^^^^^^^^^^^^^^^^^^^^^^^^^^^^^

SyntaxError: Unexpected string
    at internalCompileFunction (node:internal/vm:73:18)
    at wrapSafe (node:internal/modules/cjs/loader:1274:20)
    at Module._compile (node:internal/modules/cjs/loader:1320:27)
    at Module._extensions..js (node:internal/modules/cjs/loader:1414:10)
    at Module.load (node:internal/modules/cjs/loader:1197:32)
    at Module._load (node:internal/modules/cjs/loader:1013:12)
    at Object.<anonymous> (/opt/homebrew/lib/node_modules/pm2/lib/ProcessContainerFork.js:33:23)
    at Module._compile (node:internal/modules/cjs/loader:1356:14)
    at Module._extensions..js (node:internal/modules/cjs/loader:1414:10)
    at Module.load (node:internal/modules/cjs/loader:1197:32)
/private/var/folders/dk/k7r8r49n5lb6lggdq4wnpn2r0000gn/T/yarn--1722089703925-0.3269200087805928/yarn:3
exec "/Users/prasanth/.nvm/versions/node/v18.19.1/bin/node" "/opt/homebrew/bin/yarn" "$@"
     ^^^^^^^^^^^^^^^^^^^^^^^^^^^^^^^^^^^^^^^^^^^^^^^^^^^^^^

SyntaxError: Unexpected string
    at internalCompileFunction (node:internal/vm:73:18)
    at wrapSafe (node:internal/modules/cjs/loader:1274:20)
    at Module._compile (node:internal/modules/cjs/loader:1320:27)
    at Module._extensions..js (node:internal/modules/cjs/loader:1414:10)
    at Module.load (node:internal/modules/cjs/loader:1197:32)
    at Module._load (node:internal/modules/cjs/loader:1013:12)
    at Object.<anonymous> (/opt/homebrew/lib/node_modules/pm2/lib/ProcessContainerFork.js:33:23)
    at Module._compile (node:internal/modules/cjs/loader:1356:14)
    at Module._extensions..js (node:internal/modules/cjs/loader:1414:10)
    at Module.load (node:internal/modules/cjs/loader:1197:32)
/private/var/folders/dk/k7r8r49n5lb6lggdq4wnpn2r0000gn/T/yarn--1722089703925-0.3269200087805928/yarn:3
exec "/Users/prasanth/.nvm/versions/node/v18.19.1/bin/node" "/opt/homebrew/bin/yarn" "$@"
     ^^^^^^^^^^^^^^^^^^^^^^^^^^^^^^^^^^^^^^^^^^^^^^^^^^^^^^

SyntaxError: Unexpected string
    at internalCompileFunction (node:internal/vm:73:18)
    at wrapSafe (node:internal/modules/cjs/loader:1274:20)
    at Module._compile (node:internal/modules/cjs/loader:1320:27)
    at Module._extensions..js (node:internal/modules/cjs/loader:1414:10)
    at Module.load (node:internal/modules/cjs/loader:1197:32)
    at Module._load (node:internal/modules/cjs/loader:1013:12)
    at Object.<anonymous> (/opt/homebrew/lib/node_modules/pm2/lib/ProcessContainerFork.js:33:23)
    at Module._compile (node:internal/modules/cjs/loader:1356:14)
    at Module._extensions..js (node:internal/modules/cjs/loader:1414:10)
    at Module.load (node:internal/modules/cjs/loader:1197:32)
/private/var/folders/dk/k7r8r49n5lb6lggdq4wnpn2r0000gn/T/yarn--1722089703925-0.3269200087805928/yarn:3
exec "/Users/prasanth/.nvm/versions/node/v18.19.1/bin/node" "/opt/homebrew/bin/yarn" "$@"
     ^^^^^^^^^^^^^^^^^^^^^^^^^^^^^^^^^^^^^^^^^^^^^^^^^^^^^^

SyntaxError: Unexpected string
    at internalCompileFunction (node:internal/vm:73:18)
    at wrapSafe (node:internal/modules/cjs/loader:1274:20)
    at Module._compile (node:internal/modules/cjs/loader:1320:27)
    at Module._extensions..js (node:internal/modules/cjs/loader:1414:10)
    at Module.load (node:internal/modules/cjs/loader:1197:32)
    at Module._load (node:internal/modules/cjs/loader:1013:12)
    at Object.<anonymous> (/opt/homebrew/lib/node_modules/pm2/lib/ProcessContainerFork.js:33:23)
    at Module._compile (node:internal/modules/cjs/loader:1356:14)
    at Module._extensions..js (node:internal/modules/cjs/loader:1414:10)
    at Module.load (node:internal/modules/cjs/loader:1197:32)
/private/var/folders/dk/k7r8r49n5lb6lggdq4wnpn2r0000gn/T/yarn--1722089703925-0.3269200087805928/yarn:3
exec "/Users/prasanth/.nvm/versions/node/v18.19.1/bin/node" "/opt/homebrew/bin/yarn" "$@"
     ^^^^^^^^^^^^^^^^^^^^^^^^^^^^^^^^^^^^^^^^^^^^^^^^^^^^^^

SyntaxError: Unexpected string
    at internalCompileFunction (node:internal/vm:73:18)
    at wrapSafe (node:internal/modules/cjs/loader:1274:20)
    at Module._compile (node:internal/modules/cjs/loader:1320:27)
    at Module._extensions..js (node:internal/modules/cjs/loader:1414:10)
    at Module.load (node:internal/modules/cjs/loader:1197:32)
    at Module._load (node:internal/modules/cjs/loader:1013:12)
    at Object.<anonymous> (/opt/homebrew/lib/node_modules/pm2/lib/ProcessContainerFork.js:33:23)
    at Module._compile (node:internal/modules/cjs/loader:1356:14)
    at Module._extensions..js (node:internal/modules/cjs/loader:1414:10)
    at Module.load (node:internal/modules/cjs/loader:1197:32)
/private/var/folders/dk/k7r8r49n5lb6lggdq4wnpn2r0000gn/T/yarn--1722089703925-0.3269200087805928/yarn:3
exec "/Users/prasanth/.nvm/versions/node/v18.19.1/bin/node" "/opt/homebrew/bin/yarn" "$@"
     ^^^^^^^^^^^^^^^^^^^^^^^^^^^^^^^^^^^^^^^^^^^^^^^^^^^^^^

SyntaxError: Unexpected string
    at internalCompileFunction (node:internal/vm:73:18)
    at wrapSafe (node:internal/modules/cjs/loader:1274:20)
    at Module._compile (node:internal/modules/cjs/loader:1320:27)
    at Module._extensions..js (node:internal/modules/cjs/loader:1414:10)
    at Module.load (node:internal/modules/cjs/loader:1197:32)
    at Module._load (node:internal/modules/cjs/loader:1013:12)
    at Object.<anonymous> (/opt/homebrew/lib/node_modules/pm2/lib/ProcessContainerFork.js:33:23)
    at Module._compile (node:internal/modules/cjs/loader:1356:14)
    at Module._extensions..js (node:internal/modules/cjs/loader:1414:10)
    at Module.load (node:internal/modules/cjs/loader:1197:32)
/private/var/folders/dk/k7r8r49n5lb6lggdq4wnpn2r0000gn/T/yarn--1722089703925-0.3269200087805928/yarn:3
exec "/Users/prasanth/.nvm/versions/node/v18.19.1/bin/node" "/opt/homebrew/bin/yarn" "$@"
     ^^^^^^^^^^^^^^^^^^^^^^^^^^^^^^^^^^^^^^^^^^^^^^^^^^^^^^

SyntaxError: Unexpected string
    at internalCompileFunction (node:internal/vm:73:18)
    at wrapSafe (node:internal/modules/cjs/loader:1274:20)
    at Module._compile (node:internal/modules/cjs/loader:1320:27)
    at Module._extensions..js (node:internal/modules/cjs/loader:1414:10)
    at Module.load (node:internal/modules/cjs/loader:1197:32)
    at Module._load (node:internal/modules/cjs/loader:1013:12)
    at Object.<anonymous> (/opt/homebrew/lib/node_modules/pm2/lib/ProcessContainerFork.js:33:23)
    at Module._compile (node:internal/modules/cjs/loader:1356:14)
    at Module._extensions..js (node:internal/modules/cjs/loader:1414:10)
    at Module.load (node:internal/modules/cjs/loader:1197:32)
/private/var/folders/dk/k7r8r49n5lb6lggdq4wnpn2r0000gn/T/yarn--1722089703925-0.3269200087805928/yarn:3
exec "/Users/prasanth/.nvm/versions/node/v18.19.1/bin/node" "/opt/homebrew/bin/yarn" "$@"
     ^^^^^^^^^^^^^^^^^^^^^^^^^^^^^^^^^^^^^^^^^^^^^^^^^^^^^^

SyntaxError: Unexpected string
    at internalCompileFunction (node:internal/vm:73:18)
    at wrapSafe (node:internal/modules/cjs/loader:1274:20)
    at Module._compile (node:internal/modules/cjs/loader:1320:27)
    at Module._extensions..js (node:internal/modules/cjs/loader:1414:10)
    at Module.load (node:internal/modules/cjs/loader:1197:32)
    at Module._load (node:internal/modules/cjs/loader:1013:12)
    at Object.<anonymous> (/opt/homebrew/lib/node_modules/pm2/lib/ProcessContainerFork.js:33:23)
    at Module._compile (node:internal/modules/cjs/loader:1356:14)
    at Module._extensions..js (node:internal/modules/cjs/loader:1414:10)
    at Module.load (node:internal/modules/cjs/loader:1197:32)
/private/var/folders/dk/k7r8r49n5lb6lggdq4wnpn2r0000gn/T/yarn--1722089703925-0.3269200087805928/yarn:3
exec "/Users/prasanth/.nvm/versions/node/v18.19.1/bin/node" "/opt/homebrew/bin/yarn" "$@"
     ^^^^^^^^^^^^^^^^^^^^^^^^^^^^^^^^^^^^^^^^^^^^^^^^^^^^^^

SyntaxError: Unexpected string
    at internalCompileFunction (node:internal/vm:73:18)
    at wrapSafe (node:internal/modules/cjs/loader:1274:20)
    at Module._compile (node:internal/modules/cjs/loader:1320:27)
    at Module._extensions..js (node:internal/modules/cjs/loader:1414:10)
    at Module.load (node:internal/modules/cjs/loader:1197:32)
    at Module._load (node:internal/modules/cjs/loader:1013:12)
    at Object.<anonymous> (/opt/homebrew/lib/node_modules/pm2/lib/ProcessContainerFork.js:33:23)
    at Module._compile (node:internal/modules/cjs/loader:1356:14)
    at Module._extensions..js (node:internal/modules/cjs/loader:1414:10)
    at Module.load (node:internal/modules/cjs/loader:1197:32)
/private/var/folders/dk/k7r8r49n5lb6lggdq4wnpn2r0000gn/T/yarn--1722089703925-0.3269200087805928/yarn:3
exec "/Users/prasanth/.nvm/versions/node/v18.19.1/bin/node" "/opt/homebrew/bin/yarn" "$@"
     ^^^^^^^^^^^^^^^^^^^^^^^^^^^^^^^^^^^^^^^^^^^^^^^^^^^^^^

SyntaxError: Unexpected string
    at internalCompileFunction (node:internal/vm:73:18)
    at wrapSafe (node:internal/modules/cjs/loader:1274:20)
    at Module._compile (node:internal/modules/cjs/loader:1320:27)
    at Module._extensions..js (node:internal/modules/cjs/loader:1414:10)
    at Module.load (node:internal/modules/cjs/loader:1197:32)
    at Module._load (node:internal/modules/cjs/loader:1013:12)
    at Object.<anonymous> (/opt/homebrew/lib/node_modules/pm2/lib/ProcessContainerFork.js:33:23)
    at Module._compile (node:internal/modules/cjs/loader:1356:14)
    at Module._extensions..js (node:internal/modules/cjs/loader:1414:10)
    at Module.load (node:internal/modules/cjs/loader:1197:32)
/private/var/folders/dk/k7r8r49n5lb6lggdq4wnpn2r0000gn/T/yarn--1722089703925-0.3269200087805928/yarn:3
exec "/Users/prasanth/.nvm/versions/node/v18.19.1/bin/node" "/opt/homebrew/bin/yarn" "$@"
     ^^^^^^^^^^^^^^^^^^^^^^^^^^^^^^^^^^^^^^^^^^^^^^^^^^^^^^

SyntaxError: Unexpected string
    at internalCompileFunction (node:internal/vm:73:18)
    at wrapSafe (node:internal/modules/cjs/loader:1274:20)
    at Module._compile (node:internal/modules/cjs/loader:1320:27)
    at Module._extensions..js (node:internal/modules/cjs/loader:1414:10)
    at Module.load (node:internal/modules/cjs/loader:1197:32)
    at Module._load (node:internal/modules/cjs/loader:1013:12)
    at Object.<anonymous> (/opt/homebrew/lib/node_modules/pm2/lib/ProcessContainerFork.js:33:23)
    at Module._compile (node:internal/modules/cjs/loader:1356:14)
    at Module._extensions..js (node:internal/modules/cjs/loader:1414:10)
    at Module.load (node:internal/modules/cjs/loader:1197:32)
/private/var/folders/dk/k7r8r49n5lb6lggdq4wnpn2r0000gn/T/yarn--1722089703925-0.3269200087805928/yarn:3
exec "/Users/prasanth/.nvm/versions/node/v18.19.1/bin/node" "/opt/homebrew/bin/yarn" "$@"
     ^^^^^^^^^^^^^^^^^^^^^^^^^^^^^^^^^^^^^^^^^^^^^^^^^^^^^^

SyntaxError: Unexpected string
    at internalCompileFunction (node:internal/vm:73:18)
    at wrapSafe (node:internal/modules/cjs/loader:1274:20)
    at Module._compile (node:internal/modules/cjs/loader:1320:27)
    at Module._extensions..js (node:internal/modules/cjs/loader:1414:10)
    at Module.load (node:internal/modules/cjs/loader:1197:32)
    at Module._load (node:internal/modules/cjs/loader:1013:12)
    at Object.<anonymous> (/opt/homebrew/lib/node_modules/pm2/lib/ProcessContainerFork.js:33:23)
    at Module._compile (node:internal/modules/cjs/loader:1356:14)
    at Module._extensions..js (node:internal/modules/cjs/loader:1414:10)
    at Module.load (node:internal/modules/cjs/loader:1197:32)
/private/var/folders/dk/k7r8r49n5lb6lggdq4wnpn2r0000gn/T/yarn--1722089703925-0.3269200087805928/yarn:3
exec "/Users/prasanth/.nvm/versions/node/v18.19.1/bin/node" "/opt/homebrew/bin/yarn" "$@"
     ^^^^^^^^^^^^^^^^^^^^^^^^^^^^^^^^^^^^^^^^^^^^^^^^^^^^^^

SyntaxError: Unexpected string
    at internalCompileFunction (node:internal/vm:73:18)
    at wrapSafe (node:internal/modules/cjs/loader:1274:20)
    at Module._compile (node:internal/modules/cjs/loader:1320:27)
    at Module._extensions..js (node:internal/modules/cjs/loader:1414:10)
    at Module.load (node:internal/modules/cjs/loader:1197:32)
    at Module._load (node:internal/modules/cjs/loader:1013:12)
    at Object.<anonymous> (/opt/homebrew/lib/node_modules/pm2/lib/ProcessContainerFork.js:33:23)
    at Module._compile (node:internal/modules/cjs/loader:1356:14)
    at Module._extensions..js (node:internal/modules/cjs/loader:1414:10)
    at Module.load (node:internal/modules/cjs/loader:1197:32)
/private/var/folders/dk/k7r8r49n5lb6lggdq4wnpn2r0000gn/T/yarn--1722089703925-0.3269200087805928/yarn:3
exec "/Users/prasanth/.nvm/versions/node/v18.19.1/bin/node" "/opt/homebrew/bin/yarn" "$@"
     ^^^^^^^^^^^^^^^^^^^^^^^^^^^^^^^^^^^^^^^^^^^^^^^^^^^^^^

SyntaxError: Unexpected string
    at internalCompileFunction (node:internal/vm:73:18)
    at wrapSafe (node:internal/modules/cjs/loader:1274:20)
    at Module._compile (node:internal/modules/cjs/loader:1320:27)
    at Module._extensions..js (node:internal/modules/cjs/loader:1414:10)
    at Module.load (node:internal/modules/cjs/loader:1197:32)
    at Module._load (node:internal/modules/cjs/loader:1013:12)
    at Object.<anonymous> (/opt/homebrew/lib/node_modules/pm2/lib/ProcessContainerFork.js:33:23)
    at Module._compile (node:internal/modules/cjs/loader:1356:14)
    at Module._extensions..js (node:internal/modules/cjs/loader:1414:10)
    at Module.load (node:internal/modules/cjs/loader:1197:32)
/private/var/folders/dk/k7r8r49n5lb6lggdq4wnpn2r0000gn/T/yarn--1722089703925-0.3269200087805928/yarn:3
exec "/Users/prasanth/.nvm/versions/node/v18.19.1/bin/node" "/opt/homebrew/bin/yarn" "$@"
     ^^^^^^^^^^^^^^^^^^^^^^^^^^^^^^^^^^^^^^^^^^^^^^^^^^^^^^

SyntaxError: Unexpected string
    at internalCompileFunction (node:internal/vm:73:18)
    at wrapSafe (node:internal/modules/cjs/loader:1274:20)
    at Module._compile (node:internal/modules/cjs/loader:1320:27)
    at Module._extensions..js (node:internal/modules/cjs/loader:1414:10)
    at Module.load (node:internal/modules/cjs/loader:1197:32)
    at Module._load (node:internal/modules/cjs/loader:1013:12)
    at Object.<anonymous> (/opt/homebrew/lib/node_modules/pm2/lib/ProcessContainerFork.js:33:23)
    at Module._compile (node:internal/modules/cjs/loader:1356:14)
    at Module._extensions..js (node:internal/modules/cjs/loader:1414:10)
    at Module.load (node:internal/modules/cjs/loader:1197:32)
warning ../../../../../package.json: No license field
[33mThe CJS build of Vite's Node API is deprecated. See https://vitejs.dev/guide/troubleshooting.html#vite-cjs-node-api-deprecated for more details.[39m
warning ../../../../../package.json: No license field
[33mThe CJS build of Vite's Node API is deprecated. See https://vitejs.dev/guide/troubleshooting.html#vite-cjs-node-api-deprecated for more details.[39m
warning ../../../../../package.json: No license field
warning ../../../../../package.json: No license field
[33mThe CJS build of Vite's Node API is deprecated. See https://vitejs.dev/guide/troubleshooting.html#vite-cjs-node-api-deprecated for more details.[39m
