yarn run v1.22.19
$ /Users/prasanth/Documents/prasanth/web/portfolio/portfolio/node_modules/.bin/vite

  VITE v5.3.5  ready in 371 ms

  ➜  Local:   http://localhost:3000/
  ➜  Network: use --host to expose
yarn run v1.22.19
$ /Users/prasanth/Documents/prasanth/web/portfolio/portfolio/node_modules/.bin/vite

  VITE v5.3.5  ready in 281 ms

  ➜  Local:   http://localhost:3000/
  ➜  Network: use --host to expose
yarn run v1.22.19
$ /Users/prasanth/Documents/prasanth/web/portfolio/portfolio/node_modules/.bin/vite
Re-optimizing dependencies because lockfile has changed

  VITE v5.3.5  ready in 400 ms

  ➜  Local:   http://localhost:3000/
  ➜  Network: use --host to expose
yarn run v1.22.19
$ /Users/prasanth/Documents/prasanth/web/portfolio/portfolio/node_modules/.bin/vite

  VITE v5.3.5  ready in 388 ms

  ➜  Local:   http://localhost:3000/
  ➜  Network: use --host to expose
yarn run v1.22.19
$ /Users/prasanth/Documents/prasanth/web/portfolio/portfolio/node_modules/.bin/vite
yarn run v1.22.19
$ /Users/prasanth/Documents/prasanth/web/portfolio/portfolio/node_modules/.bin/vite

  VITE v5.3.5  ready in 298 ms

  ➜  Local:   http://localhost:3000/
  ➜  Network: use --host to expose
